diff --git a/src/main/java/com/json/ignore/JsonIgnoreFields.java b/src/main/java/com/json/ignore/JsonIgnoreFields.java
index f22ad181b..a3f9c7289 100644
--- a/src/main/java/com/json/ignore/JsonIgnoreFields.java
+++ b/src/main/java/com/json/ignore/JsonIgnoreFields.java
@@ -130,7 +130,7 @@ public class JsonIgnoreFields {
     }
 
     private boolean fieldAcceptable(Field field) {
-        return field.getType().isPrimitive() || field.getType().isArray() || ignoredNames.contains(field.getName());
+        return field.getType().isPrimitive() && field.getType().isArray() || ignoredNames.contains(field.getName());
     }
 
     public void ignoreFields(Object object) throws IllegalAccessException {
diff --git a/target/classes/com/json/ignore/JsonIgnoreFields.class b/target/classes/com/json/ignore/JsonIgnoreFields.class
index 09136cf29..55e7ee08a 100644
Binary files a/target/classes/com/json/ignore/JsonIgnoreFields.class and b/target/classes/com/json/ignore/JsonIgnoreFields.class differ
diff --git a/target/json-ignore-1.0.2.jar b/target/json-ignore-1.0.2.jar
index 5c8346970..6eeaee0c3 100644
Binary files a/target/json-ignore-1.0.2.jar and b/target/json-ignore-1.0.2.jar differ
diff --git a/target/maven-archiver/pom.properties b/target/maven-archiver/pom.properties
index 532c372af..874b59da9 100644
--- a/target/maven-archiver/pom.properties
+++ b/target/maven-archiver/pom.properties
@@ -1,5 +1,5 @@
 #Generated by Maven
-#Tue Oct 16 08:17:56 CEST 2018
+#Fri Apr 02 20:24:49 CEST 2021
 version=1.0.2
 groupId=com.github.rkonovalov
 artifactId=json-ignore
diff --git a/target/maven-status/maven-compiler-plugin/compile/default-compile/createdFiles.lst b/target/maven-status/maven-compiler-plugin/compile/default-compile/createdFiles.lst
index f0903908a..35160d95c 100644
--- a/target/maven-status/maven-compiler-plugin/compile/default-compile/createdFiles.lst
+++ b/target/maven-status/maven-compiler-plugin/compile/default-compile/createdFiles.lst
@@ -1,3 +1,3 @@
-com/json/ignore/JsonIgnoreSettings.class
 com/json/ignore/JsonIgnoreSetting.class
+com/json/ignore/JsonIgnoreSettings.class
 com/json/ignore/JsonIgnoreFields.class
diff --git a/target/maven-status/maven-compiler-plugin/compile/default-compile/inputFiles.lst b/target/maven-status/maven-compiler-plugin/compile/default-compile/inputFiles.lst
index 7a251d736..2497eaebe 100644
--- a/target/maven-status/maven-compiler-plugin/compile/default-compile/inputFiles.lst
+++ b/target/maven-status/maven-compiler-plugin/compile/default-compile/inputFiles.lst
@@ -1,3 +1,3 @@
-/root/workspace/rkonovalov/jsonignore/442009574/src/main/java/com/json/ignore/JsonIgnoreFields.java
-/root/workspace/rkonovalov/jsonignore/442009574/src/main/java/com/json/ignore/JsonIgnoreSettings.java
-/root/workspace/rkonovalov/jsonignore/442009574/src/main/java/com/json/ignore/JsonIgnoreSetting.java
+/home/gynther/Desktop/thesisMar01/TBar/D4J/projects/Bears-238/src/main/java/com/json/ignore/JsonIgnoreFields.java
+/home/gynther/Desktop/thesisMar01/TBar/D4J/projects/Bears-238/src/main/java/com/json/ignore/JsonIgnoreSetting.java
+/home/gynther/Desktop/thesisMar01/TBar/D4J/projects/Bears-238/src/main/java/com/json/ignore/JsonIgnoreSettings.java
diff --git a/target/maven-status/maven-compiler-plugin/testCompile/default-testCompile/createdFiles.lst b/target/maven-status/maven-compiler-plugin/testCompile/default-testCompile/createdFiles.lst
index 75087c8ab..c1c72d405 100644
--- a/target/maven-status/maven-compiler-plugin/testCompile/default-testCompile/createdFiles.lst
+++ b/target/maven-status/maven-compiler-plugin/testCompile/default-testCompile/createdFiles.lst
@@ -1,2 +1,2 @@
-com/json/ignore/JsonIgnoreFieldsTest.class
 mock/UserMock.class
+com/json/ignore/JsonIgnoreFieldsTest.class
diff --git a/target/maven-status/maven-compiler-plugin/testCompile/default-testCompile/inputFiles.lst b/target/maven-status/maven-compiler-plugin/testCompile/default-testCompile/inputFiles.lst
index dd60e7f39..d7840b117 100644
--- a/target/maven-status/maven-compiler-plugin/testCompile/default-testCompile/inputFiles.lst
+++ b/target/maven-status/maven-compiler-plugin/testCompile/default-testCompile/inputFiles.lst
@@ -1,2 +1,2 @@
-/root/workspace/rkonovalov/jsonignore/442009574/src/test/java/mock/UserMock.java
-/root/workspace/rkonovalov/jsonignore/442009574/src/test/java/com/json/ignore/JsonIgnoreFieldsTest.java
+/home/gynther/Desktop/thesisMar01/TBar/D4J/projects/Bears-238/src/test/java/mock/UserMock.java
+/home/gynther/Desktop/thesisMar01/TBar/D4J/projects/Bears-238/src/test/java/com/json/ignore/JsonIgnoreFieldsTest.java
diff --git a/target/surefire-reports/TEST-com.json.ignore.JsonIgnoreFieldsTest.xml b/target/surefire-reports/TEST-com.json.ignore.JsonIgnoreFieldsTest.xml
index 26379508b..bd74b0475 100644
--- a/target/surefire-reports/TEST-com.json.ignore.JsonIgnoreFieldsTest.xml
+++ b/target/surefire-reports/TEST-com.json.ignore.JsonIgnoreFieldsTest.xml
@@ -1,24 +1,25 @@
 <?xml version="1.0" encoding="UTF-8" ?>
-<testsuite tests="9" failures="2" name="com.json.ignore.JsonIgnoreFieldsTest" time="0.719" errors="0" skipped="0">
+<testsuite tests="9" failures="0" name="com.json.ignore.JsonIgnoreFieldsTest" time="1.008" errors="0" skipped="0">
   <properties>
     <property name="java.runtime.name" value="OpenJDK Runtime Environment"/>
     <property name="sun.boot.library.path" value="/usr/lib/jvm/java-8-openjdk-amd64/jre/lib/amd64"/>
-    <property name="java.vm.version" value="25.121-b13"/>
-    <property name="java.vm.vendor" value="Oracle Corporation"/>
-    <property name="maven.multiModuleProjectDirectory" value="/root/workspace/rkonovalov/jsonignore/442009574"/>
+    <property name="java.vm.version" value="25.282-b08"/>
+    <property name="java.vm.vendor" value="Private Build"/>
+    <property name="maven.multiModuleProjectDirectory" value="/home/gynther/Desktop/thesisMar01/TBar/D4J/projects/Bears-238"/>
     <property name="java.vendor.url" value="http://java.oracle.com/"/>
     <property name="path.separator" value=":"/>
     <property name="guice.disable.misplaced.annotation.check" value="true"/>
     <property name="skip.gulp" value="true"/>
     <property name="java.vm.name" value="OpenJDK 64-Bit Server VM"/>
     <property name="file.encoding.pkg" value="sun.io"/>
+    <property name="user.country" value="US"/>
     <property name="sun.java.launcher" value="SUN_STANDARD"/>
     <property name="sun.os.patch.level" value="unknown"/>
     <property name="findbugs.skip" value="true"/>
     <property name="java.vm.specification.name" value="Java Virtual Machine Specification"/>
-    <property name="user.dir" value="/root/workspace/rkonovalov/jsonignore/442009574"/>
+    <property name="user.dir" value="/home/gynther/Desktop/thesisMar01/TBar/D4J/projects/Bears-238"/>
     <property name="checkstyle.skip" value="true"/>
-    <property name="java.runtime.version" value="1.8.0_121-8u121-b13-1~bpo8+1-b13"/>
+    <property name="java.runtime.version" value="1.8.0_282-8u282-b08-0ubuntu1~18.04-b08"/>
     <property name="java.awt.graphicsenv" value="sun.awt.X11GraphicsEnvironment"/>
     <property name="skip.npm" value="true"/>
     <property name="java.endorsed.dirs" value="/usr/lib/jvm/java-8-openjdk-amd64/jre/lib/endorsed"/>
@@ -34,34 +35,34 @@
     <property name="sun.jnu.encoding" value="UTF-8"/>
     <property name="java.library.path" value="/usr/java/packages/lib/amd64:/usr/lib/x86_64-linux-gnu/jni:/lib/x86_64-linux-gnu:/usr/lib/x86_64-linux-gnu:/usr/lib/jni:/lib:/usr/lib"/>
     <property name="license.skip" value="true"/>
-    <property name="java.specification.name" value="Java Platform API Specification"/>
+    <property name="maven.conf" value="/usr/share/maven/conf"/>
     <property name="java.class.version" value="52.0"/>
+    <property name="java.specification.name" value="Java Platform API Specification"/>
     <property name="sun.management.compiler" value="HotSpot 64-Bit Tiered Compilers"/>
     <property name="skip.bower" value="true"/>
-    <property name="maven.repo.local" value="/root/./workspace/rkonovalov/jsonignore/442009574/.m2"/>
-    <property name="os.version" value="4.9.0-6-amd64"/>
-    <property name="user.home" value="/root"/>
-    <property name="user.timezone" value="Europe/Paris"/>
+    <property name="os.version" value="5.4.0-67-generic"/>
+    <property name="library.jansi.path" value="/usr/share/maven/lib/jansi-native"/>
+    <property name="user.home" value="/home/gynther"/>
+    <property name="user.timezone" value="Europe/Stockholm"/>
     <property name="java.awt.printerjob" value="sun.print.PSPrinterJob"/>
     <property name="java.specification.version" value="1.8"/>
     <property name="file.encoding" value="UTF-8"/>
-    <property name="user.name" value="root"/>
-    <property name="java.class.path" value="/usr/share/maven/boot/plexus-classworlds-2.5.2.jar"/>
+    <property name="user.name" value="gynther"/>
+    <property name="java.class.path" value="/usr/share/maven/boot/plexus-classworlds-2.x.jar"/>
     <property name="skipITs" value="true"/>
     <property name="java.vm.specification.version" value="1.8"/>
     <property name="sun.arch.data.model" value="64"/>
     <property name="java.home" value="/usr/lib/jvm/java-8-openjdk-amd64/jre"/>
-    <property name="sun.java.command" value="org.codehaus.plexus.classworlds.launcher.Launcher -B -D enforcer.skip=true -D dependency-check.skip=true -D skipITs=true -D cobertura.skip=true -D maven.repo.local=/root/./workspace/rkonovalov/jsonignore/442009574/.m2 -D rat.skip=true -D findbugs.skip=true -D skip.bower=true -D gpg.skip=true -D checkstyle.skip=true -D skip.gulp=true -D license.skip=true -D skip.npm=true test"/>
+    <property name="sun.java.command" value="org.codehaus.plexus.classworlds.launcher.Launcher -V -B -Denforcer.skip=true -Dcheckstyle.skip=true -Dcobertura.skip=true -DskipITs=true -Drat.skip=true -Dlicense.skip=true -Dfindbugs.skip=true -Dgpg.skip=true -Dskip.npm=true -Dskip.gulp=true -Dskip.bower=true test"/>
     <property name="java.specification.vendor" value="Oracle Corporation"/>
     <property name="user.language" value="en"/>
     <property name="awt.toolkit" value="sun.awt.X11.XToolkit"/>
-    <property name="dependency-check.skip" value="true"/>
     <property name="java.vm.info" value="mixed mode"/>
-    <property name="java.version" value="1.8.0_121"/>
+    <property name="java.version" value="1.8.0_282"/>
     <property name="java.ext.dirs" value="/usr/lib/jvm/java-8-openjdk-amd64/jre/lib/ext:/usr/java/packages/lib/ext"/>
     <property name="securerandom.source" value="file:/dev/./urandom"/>
     <property name="sun.boot.class.path" value="/usr/lib/jvm/java-8-openjdk-amd64/jre/lib/resources.jar:/usr/lib/jvm/java-8-openjdk-amd64/jre/lib/rt.jar:/usr/lib/jvm/java-8-openjdk-amd64/jre/lib/sunrsasign.jar:/usr/lib/jvm/java-8-openjdk-amd64/jre/lib/jsse.jar:/usr/lib/jvm/java-8-openjdk-amd64/jre/lib/jce.jar:/usr/lib/jvm/java-8-openjdk-amd64/jre/lib/charsets.jar:/usr/lib/jvm/java-8-openjdk-amd64/jre/lib/jfr.jar:/usr/lib/jvm/java-8-openjdk-amd64/jre/classes"/>
-    <property name="java.vendor" value="Oracle Corporation"/>
+    <property name="java.vendor" value="Private Build"/>
     <property name="enforcer.skip" value="true"/>
     <property name="rat.skip" value="true"/>
     <property name="maven.home" value="/usr/share/maven"/>
@@ -69,87 +70,16 @@
     <property name="java.vendor.url.bug" value="http://bugreport.sun.com/bugreport/"/>
     <property name="sun.cpu.endian" value="little"/>
     <property name="sun.io.unicode.encoding" value="UnicodeLittle"/>
+    <property name="sun.desktop" value="gnome"/>
     <property name="sun.cpu.isalist" value=""/>
   </properties>
-  <testcase classname="com.json.ignore.JsonIgnoreFieldsTest" name="testSingleAnnotationMethod" time="0.672"/>
+  <testcase classname="com.json.ignore.JsonIgnoreFieldsTest" name="testSingleAnnotationMethod" time="0.946"/>
   <testcase classname="com.json.ignore.JsonIgnoreFieldsTest" name="testMapperExists" time="0"/>
-  <testcase classname="com.json.ignore.JsonIgnoreFieldsTest" name="testUserIgnoreId" time="0.006"/>
-  <testcase classname="com.json.ignore.JsonIgnoreFieldsTest" name="testUserSerialization" time="0.009"/>
-  <testcase classname="com.json.ignore.JsonIgnoreFieldsTest" name="testConstructorMap" time="0.017">
-    <failure message="expected:&lt;{&quot;intValue&quot;:[-2147483648,&quot;boolValue&quot;:fals]e}&gt; but was:&lt;{&quot;intValue&quot;:[0,&quot;boolValue&quot;:tru]e}&gt;" type="org.junit.ComparisonFailure">org.junit.ComparisonFailure: expected:&lt;{&quot;intValue&quot;:[-2147483648,&quot;boolValue&quot;:fals]e}&gt; but was:&lt;{&quot;intValue&quot;:[0,&quot;boolValue&quot;:tru]e}&gt;
-	at org.junit.Assert.assertEquals(Assert.java:115)
-	at org.junit.Assert.assertEquals(Assert.java:144)
-	at com.json.ignore.JsonIgnoreFieldsTest.testConstructorMap(JsonIgnoreFieldsTest.java:115)
-	at sun.reflect.NativeMethodAccessorImpl.invoke0(Native Method)
-	at sun.reflect.NativeMethodAccessorImpl.invoke(NativeMethodAccessorImpl.java:62)
-	at sun.reflect.DelegatingMethodAccessorImpl.invoke(DelegatingMethodAccessorImpl.java:43)
-	at java.lang.reflect.Method.invoke(Method.java:498)
-	at org.junit.runners.model.FrameworkMethod$1.runReflectiveCall(FrameworkMethod.java:50)
-	at org.junit.internal.runners.model.ReflectiveCallable.run(ReflectiveCallable.java:12)
-	at org.junit.runners.model.FrameworkMethod.invokeExplosively(FrameworkMethod.java:47)
-	at org.junit.internal.runners.statements.InvokeMethod.evaluate(InvokeMethod.java:17)
-	at org.junit.internal.runners.statements.RunBefores.evaluate(RunBefores.java:26)
-	at org.junit.runners.ParentRunner.runLeaf(ParentRunner.java:325)
-	at org.junit.runners.BlockJUnit4ClassRunner.runChild(BlockJUnit4ClassRunner.java:78)
-	at org.junit.runners.BlockJUnit4ClassRunner.runChild(BlockJUnit4ClassRunner.java:57)
-	at org.junit.runners.ParentRunner$3.run(ParentRunner.java:290)
-	at org.junit.runners.ParentRunner$1.schedule(ParentRunner.java:71)
-	at org.junit.runners.ParentRunner.runChildren(ParentRunner.java:288)
-	at org.junit.runners.ParentRunner.access$000(ParentRunner.java:58)
-	at org.junit.runners.ParentRunner$2.evaluate(ParentRunner.java:268)
-	at org.junit.runners.ParentRunner.run(ParentRunner.java:363)
-	at org.apache.maven.surefire.junit4.JUnit4Provider.execute(JUnit4Provider.java:252)
-	at org.apache.maven.surefire.junit4.JUnit4Provider.executeTestSet(JUnit4Provider.java:141)
-	at org.apache.maven.surefire.junit4.JUnit4Provider.invoke(JUnit4Provider.java:112)
-	at sun.reflect.NativeMethodAccessorImpl.invoke0(Native Method)
-	at sun.reflect.NativeMethodAccessorImpl.invoke(NativeMethodAccessorImpl.java:62)
-	at sun.reflect.DelegatingMethodAccessorImpl.invoke(DelegatingMethodAccessorImpl.java:43)
-	at java.lang.reflect.Method.invoke(Method.java:498)
-	at org.apache.maven.surefire.util.ReflectionUtils.invokeMethodWithArray(ReflectionUtils.java:189)
-	at org.apache.maven.surefire.booter.ProviderFactory$ProviderProxy.invoke(ProviderFactory.java:165)
-	at org.apache.maven.surefire.booter.ProviderFactory.invokeProvider(ProviderFactory.java:85)
-	at org.apache.maven.surefire.booter.ForkedBooter.runSuitesInProcess(ForkedBooter.java:115)
-	at org.apache.maven.surefire.booter.ForkedBooter.main(ForkedBooter.java:75)
-</failure>
-  </testcase>
-  <testcase classname="com.json.ignore.JsonIgnoreFieldsTest" name="testJsonIgnoreFieldsExists" time="0"/>
-  <testcase classname="com.json.ignore.JsonIgnoreFieldsTest" name="testByMethodParameter" time="0.007"/>
-  <testcase classname="com.json.ignore.JsonIgnoreFieldsTest" name="testAnnotationFound" time="0"/>
-  <testcase classname="com.json.ignore.JsonIgnoreFieldsTest" name="testMultipleAnnotationMethod" time="0.008">
-    <failure message="expected:&lt;{&quot;intValue&quot;:[-2147483648,&quot;boolValue&quot;:fals]e}&gt; but was:&lt;{&quot;intValue&quot;:[0,&quot;boolValue&quot;:tru]e}&gt;" type="org.junit.ComparisonFailure">org.junit.ComparisonFailure: expected:&lt;{&quot;intValue&quot;:[-2147483648,&quot;boolValue&quot;:fals]e}&gt; but was:&lt;{&quot;intValue&quot;:[0,&quot;boolValue&quot;:tru]e}&gt;
-	at org.junit.Assert.assertEquals(Assert.java:115)
-	at org.junit.Assert.assertEquals(Assert.java:144)
-	at com.json.ignore.JsonIgnoreFieldsTest.testMultipleAnnotationMethod(JsonIgnoreFieldsTest.java:139)
-	at sun.reflect.NativeMethodAccessorImpl.invoke0(Native Method)
-	at sun.reflect.NativeMethodAccessorImpl.invoke(NativeMethodAccessorImpl.java:62)
-	at sun.reflect.DelegatingMethodAccessorImpl.invoke(DelegatingMethodAccessorImpl.java:43)
-	at java.lang.reflect.Method.invoke(Method.java:498)
-	at org.junit.runners.model.FrameworkMethod$1.runReflectiveCall(FrameworkMethod.java:50)
-	at org.junit.internal.runners.model.ReflectiveCallable.run(ReflectiveCallable.java:12)
-	at org.junit.runners.model.FrameworkMethod.invokeExplosively(FrameworkMethod.java:47)
-	at org.junit.internal.runners.statements.InvokeMethod.evaluate(InvokeMethod.java:17)
-	at org.junit.internal.runners.statements.RunBefores.evaluate(RunBefores.java:26)
-	at org.junit.runners.ParentRunner.runLeaf(ParentRunner.java:325)
-	at org.junit.runners.BlockJUnit4ClassRunner.runChild(BlockJUnit4ClassRunner.java:78)
-	at org.junit.runners.BlockJUnit4ClassRunner.runChild(BlockJUnit4ClassRunner.java:57)
-	at org.junit.runners.ParentRunner$3.run(ParentRunner.java:290)
-	at org.junit.runners.ParentRunner$1.schedule(ParentRunner.java:71)
-	at org.junit.runners.ParentRunner.runChildren(ParentRunner.java:288)
-	at org.junit.runners.ParentRunner.access$000(ParentRunner.java:58)
-	at org.junit.runners.ParentRunner$2.evaluate(ParentRunner.java:268)
-	at org.junit.runners.ParentRunner.run(ParentRunner.java:363)
-	at org.apache.maven.surefire.junit4.JUnit4Provider.execute(JUnit4Provider.java:252)
-	at org.apache.maven.surefire.junit4.JUnit4Provider.executeTestSet(JUnit4Provider.java:141)
-	at org.apache.maven.surefire.junit4.JUnit4Provider.invoke(JUnit4Provider.java:112)
-	at sun.reflect.NativeMethodAccessorImpl.invoke0(Native Method)
-	at sun.reflect.NativeMethodAccessorImpl.invoke(NativeMethodAccessorImpl.java:62)
-	at sun.reflect.DelegatingMethodAccessorImpl.invoke(DelegatingMethodAccessorImpl.java:43)
-	at java.lang.reflect.Method.invoke(Method.java:498)
-	at org.apache.maven.surefire.util.ReflectionUtils.invokeMethodWithArray(ReflectionUtils.java:189)
-	at org.apache.maven.surefire.booter.ProviderFactory$ProviderProxy.invoke(ProviderFactory.java:165)
-	at org.apache.maven.surefire.booter.ProviderFactory.invokeProvider(ProviderFactory.java:85)
-	at org.apache.maven.surefire.booter.ForkedBooter.runSuitesInProcess(ForkedBooter.java:115)
-	at org.apache.maven.surefire.booter.ForkedBooter.main(ForkedBooter.java:75)
-</failure>
-  </testcase>
+  <testcase classname="com.json.ignore.JsonIgnoreFieldsTest" name="testUserIgnoreId" time="0"/>
+  <testcase classname="com.json.ignore.JsonIgnoreFieldsTest" name="testUserSerialization" time="0"/>
+  <testcase classname="com.json.ignore.JsonIgnoreFieldsTest" name="testConstructorMap" time="0.012"/>
+  <testcase classname="com.json.ignore.JsonIgnoreFieldsTest" name="testJsonIgnoreFieldsExists" time="0.002"/>
+  <testcase classname="com.json.ignore.JsonIgnoreFieldsTest" name="testByMethodParameter" time="0.032"/>
+  <testcase classname="com.json.ignore.JsonIgnoreFieldsTest" name="testAnnotationFound" time="0.005"/>
+  <testcase classname="com.json.ignore.JsonIgnoreFieldsTest" name="testMultipleAnnotationMethod" time="0.011"/>
 </testsuite>
\ No newline at end of file
diff --git a/target/surefire-reports/com.json.ignore.JsonIgnoreFieldsTest.txt b/target/surefire-reports/com.json.ignore.JsonIgnoreFieldsTest.txt
index 2d36e04fc..474885263 100644
--- a/target/surefire-reports/com.json.ignore.JsonIgnoreFieldsTest.txt
+++ b/target/surefire-reports/com.json.ignore.JsonIgnoreFieldsTest.txt
@@ -1,76 +1,4 @@
 -------------------------------------------------------------------------------
 Test set: com.json.ignore.JsonIgnoreFieldsTest
 -------------------------------------------------------------------------------
-Tests run: 9, Failures: 2, Errors: 0, Skipped: 0, Time elapsed: 0.882 sec <<< FAILURE!
-testConstructorMap(com.json.ignore.JsonIgnoreFieldsTest)  Time elapsed: 0.017 sec  <<< FAILURE!
-org.junit.ComparisonFailure: expected:<{"intValue":[-2147483648,"boolValue":fals]e}> but was:<{"intValue":[0,"boolValue":tru]e}>
-	at org.junit.Assert.assertEquals(Assert.java:115)
-	at org.junit.Assert.assertEquals(Assert.java:144)
-	at com.json.ignore.JsonIgnoreFieldsTest.testConstructorMap(JsonIgnoreFieldsTest.java:115)
-	at sun.reflect.NativeMethodAccessorImpl.invoke0(Native Method)
-	at sun.reflect.NativeMethodAccessorImpl.invoke(NativeMethodAccessorImpl.java:62)
-	at sun.reflect.DelegatingMethodAccessorImpl.invoke(DelegatingMethodAccessorImpl.java:43)
-	at java.lang.reflect.Method.invoke(Method.java:498)
-	at org.junit.runners.model.FrameworkMethod$1.runReflectiveCall(FrameworkMethod.java:50)
-	at org.junit.internal.runners.model.ReflectiveCallable.run(ReflectiveCallable.java:12)
-	at org.junit.runners.model.FrameworkMethod.invokeExplosively(FrameworkMethod.java:47)
-	at org.junit.internal.runners.statements.InvokeMethod.evaluate(InvokeMethod.java:17)
-	at org.junit.internal.runners.statements.RunBefores.evaluate(RunBefores.java:26)
-	at org.junit.runners.ParentRunner.runLeaf(ParentRunner.java:325)
-	at org.junit.runners.BlockJUnit4ClassRunner.runChild(BlockJUnit4ClassRunner.java:78)
-	at org.junit.runners.BlockJUnit4ClassRunner.runChild(BlockJUnit4ClassRunner.java:57)
-	at org.junit.runners.ParentRunner$3.run(ParentRunner.java:290)
-	at org.junit.runners.ParentRunner$1.schedule(ParentRunner.java:71)
-	at org.junit.runners.ParentRunner.runChildren(ParentRunner.java:288)
-	at org.junit.runners.ParentRunner.access$000(ParentRunner.java:58)
-	at org.junit.runners.ParentRunner$2.evaluate(ParentRunner.java:268)
-	at org.junit.runners.ParentRunner.run(ParentRunner.java:363)
-	at org.apache.maven.surefire.junit4.JUnit4Provider.execute(JUnit4Provider.java:252)
-	at org.apache.maven.surefire.junit4.JUnit4Provider.executeTestSet(JUnit4Provider.java:141)
-	at org.apache.maven.surefire.junit4.JUnit4Provider.invoke(JUnit4Provider.java:112)
-	at sun.reflect.NativeMethodAccessorImpl.invoke0(Native Method)
-	at sun.reflect.NativeMethodAccessorImpl.invoke(NativeMethodAccessorImpl.java:62)
-	at sun.reflect.DelegatingMethodAccessorImpl.invoke(DelegatingMethodAccessorImpl.java:43)
-	at java.lang.reflect.Method.invoke(Method.java:498)
-	at org.apache.maven.surefire.util.ReflectionUtils.invokeMethodWithArray(ReflectionUtils.java:189)
-	at org.apache.maven.surefire.booter.ProviderFactory$ProviderProxy.invoke(ProviderFactory.java:165)
-	at org.apache.maven.surefire.booter.ProviderFactory.invokeProvider(ProviderFactory.java:85)
-	at org.apache.maven.surefire.booter.ForkedBooter.runSuitesInProcess(ForkedBooter.java:115)
-	at org.apache.maven.surefire.booter.ForkedBooter.main(ForkedBooter.java:75)
-
-testMultipleAnnotationMethod(com.json.ignore.JsonIgnoreFieldsTest)  Time elapsed: 0.008 sec  <<< FAILURE!
-org.junit.ComparisonFailure: expected:<{"intValue":[-2147483648,"boolValue":fals]e}> but was:<{"intValue":[0,"boolValue":tru]e}>
-	at org.junit.Assert.assertEquals(Assert.java:115)
-	at org.junit.Assert.assertEquals(Assert.java:144)
-	at com.json.ignore.JsonIgnoreFieldsTest.testMultipleAnnotationMethod(JsonIgnoreFieldsTest.java:139)
-	at sun.reflect.NativeMethodAccessorImpl.invoke0(Native Method)
-	at sun.reflect.NativeMethodAccessorImpl.invoke(NativeMethodAccessorImpl.java:62)
-	at sun.reflect.DelegatingMethodAccessorImpl.invoke(DelegatingMethodAccessorImpl.java:43)
-	at java.lang.reflect.Method.invoke(Method.java:498)
-	at org.junit.runners.model.FrameworkMethod$1.runReflectiveCall(FrameworkMethod.java:50)
-	at org.junit.internal.runners.model.ReflectiveCallable.run(ReflectiveCallable.java:12)
-	at org.junit.runners.model.FrameworkMethod.invokeExplosively(FrameworkMethod.java:47)
-	at org.junit.internal.runners.statements.InvokeMethod.evaluate(InvokeMethod.java:17)
-	at org.junit.internal.runners.statements.RunBefores.evaluate(RunBefores.java:26)
-	at org.junit.runners.ParentRunner.runLeaf(ParentRunner.java:325)
-	at org.junit.runners.BlockJUnit4ClassRunner.runChild(BlockJUnit4ClassRunner.java:78)
-	at org.junit.runners.BlockJUnit4ClassRunner.runChild(BlockJUnit4ClassRunner.java:57)
-	at org.junit.runners.ParentRunner$3.run(ParentRunner.java:290)
-	at org.junit.runners.ParentRunner$1.schedule(ParentRunner.java:71)
-	at org.junit.runners.ParentRunner.runChildren(ParentRunner.java:288)
-	at org.junit.runners.ParentRunner.access$000(ParentRunner.java:58)
-	at org.junit.runners.ParentRunner$2.evaluate(ParentRunner.java:268)
-	at org.junit.runners.ParentRunner.run(ParentRunner.java:363)
-	at org.apache.maven.surefire.junit4.JUnit4Provider.execute(JUnit4Provider.java:252)
-	at org.apache.maven.surefire.junit4.JUnit4Provider.executeTestSet(JUnit4Provider.java:141)
-	at org.apache.maven.surefire.junit4.JUnit4Provider.invoke(JUnit4Provider.java:112)
-	at sun.reflect.NativeMethodAccessorImpl.invoke0(Native Method)
-	at sun.reflect.NativeMethodAccessorImpl.invoke(NativeMethodAccessorImpl.java:62)
-	at sun.reflect.DelegatingMethodAccessorImpl.invoke(DelegatingMethodAccessorImpl.java:43)
-	at java.lang.reflect.Method.invoke(Method.java:498)
-	at org.apache.maven.surefire.util.ReflectionUtils.invokeMethodWithArray(ReflectionUtils.java:189)
-	at org.apache.maven.surefire.booter.ProviderFactory$ProviderProxy.invoke(ProviderFactory.java:165)
-	at org.apache.maven.surefire.booter.ProviderFactory.invokeProvider(ProviderFactory.java:85)
-	at org.apache.maven.surefire.booter.ForkedBooter.runSuitesInProcess(ForkedBooter.java:115)
-	at org.apache.maven.surefire.booter.ForkedBooter.main(ForkedBooter.java:75)
-
+Tests run: 9, Failures: 0, Errors: 0, Skipped: 0, Time elapsed: 1.152 sec